2026-04-13 15:49:40.834 [main] INFO  o.s.d.r.c.RepositoryConfigurationDelegate - Bootstrapping Spring Data JDBC repositories in DEFAULT mode.
2026-04-13 15:49:40.922 [main] INFO  o.s.d.r.c.RepositoryConfigurationDelegate - Finished Spring Data repository scanning in 73 ms. Found 1 JDBC repository interface.
2026-04-13 15:49:41.162 [main] INFO  c.e.j.c.DatabaseConfiguration - Configuring H2 embedded database
2026-04-13 15:49:41.171 [main] INFO  o.s.j.d.e.EmbeddedDatabaseFactory - Starting embedded database: url='jdbc:h2:mem:testdb;DB_CLOSE_DELAY=-1;DB_CLOSE_ON_EXIT=false', username='sa'
2026-04-13 15:49:41.431 [main] INFO  c.e.j.c.DatabaseConfiguration - H2 database configured successfully
2026-04-13 15:49:41.761 [main] INFO  c.e.j.r.impl.DBBeverageRepository - DBBeverageRepository initialized with Spring Data JDBC
2026-04-13 15:49:42.000 [main] INFO  c.e.j.r.impl.JSONBeverageRepository - Successfully loaded 4 beverages from JSON file
2026-04-13 15:49:42.003 [main] INFO  c.e.j.c.DatabaseConfiguration - Creating JdbcTemplate bean
2026-04-13 15:49:42.036 [main] INFO  c.ehu.javacafe.service.CoffeeService - Service: Fetching all beverages
2026-04-13 15:49:42.036 [main] INFO  c.e.j.r.impl.JSONBeverageRepository - Fetching all beverages from JSON repository
2026-04-13 15:49:42.036 [main] DEBUG c.e.j.r.impl.JSONBeverageRepository - Total beverages available: 4
2026-04-13 15:49:42.036 [main] DEBUG c.ehu.javacafe.service.CoffeeService - Service: Retrieved 4 beverages
2026-04-13 15:49:42.039 [main] DEBUG c.e.j.r.impl.JSONBeverageRepository - Fetching beverage by ID: 1
2026-04-13 15:49:42.041 [main] INFO  c.e.j.s.BeverageSelectionStatsService - Beverage selection stats: {1=1}
2026-04-13 15:49:45.055 [main] INFO  c.e.j.s.DailyBeverageDiscountService - DailyBeverageDiscountService initialized
2026-04-13 15:49:45.056 [main] INFO  o.s.j.d.e.EmbeddedDatabaseFactory - Shutting down embedded database: url='jdbc:h2:mem:testdb;DB_CLOSE_DELAY=-1;DB_CLOSE_ON_EXIT=false'
2026-04-13 16:21:04.784 [main] INFO  c.e.j.r.impl.JSONBeverageRepository - Successfully loaded 4 beverages from JSON file
2026-04-13 16:21:04.791 [main] INFO  c.e.j.r.impl.JSONBeverageRepository - Fetching all beverages from JSON repository
2026-04-13 16:21:04.791 [main] DEBUG c.e.j.r.impl.JSONBeverageRepository - Total beverages available: 4
2026-04-13 16:21:04.795 [main] INFO  c.e.j.r.impl.JSONBeverageRepository - Fetching all beverages from JSON repository
2026-04-13 16:21:04.795 [main] DEBUG c.e.j.r.impl.JSONBeverageRepository - Total beverages available: 4
2026-04-13 16:21:04.798 [main] INFO  c.e.j.r.impl.JSONBeverageRepository - Fetching all beverages from JSON repository
2026-04-13 16:21:04.798 [main] DEBUG c.e.j.r.impl.JSONBeverageRepository - Total beverages available: 4
2026-04-13 16:21:05.140 [main] INFO  o.s.d.r.c.RepositoryConfigurationDelegate - Bootstrapping Spring Data JDBC repositories in DEFAULT mode.
2026-04-13 16:21:05.194 [main] INFO  o.s.d.r.c.RepositoryConfigurationDelegate - Finished Spring Data repository scanning in 50 ms. Found 1 JDBC repository interface.
2026-04-13 16:21:05.417 [main] INFO  c.e.j.c.DatabaseConfiguration - Configuring H2 embedded database
2026-04-13 16:21:05.433 [main] INFO  o.s.j.d.e.EmbeddedDatabaseFactory - Starting embedded database: url='jdbc:h2:mem:testdb;DB_CLOSE_DELAY=-1;DB_CLOSE_ON_EXIT=false', username='sa'
2026-04-13 16:21:05.691 [main] INFO  c.e.j.c.DatabaseConfiguration - H2 database configured successfully
2026-04-13 16:21:05.971 [main] INFO  c.e.j.r.impl.DBBeverageRepository - DBBeverageRepository initialized with Spring Data JDBC
2026-04-13 16:21:05.973 [main] INFO  c.e.j.r.impl.JSONBeverageRepository - Successfully loaded 4 beverages from JSON file
2026-04-13 16:21:05.973 [main] INFO  c.e.j.s.DailyBeverageDiscountService - DailyBeverageDiscountService initialized
2026-04-13 16:21:05.998 [main] INFO  c.e.j.c.DatabaseConfiguration - Creating JdbcTemplate bean
2026-04-13 16:21:06.028 [main] INFO  o.s.j.d.e.EmbeddedDatabaseFactory - Shutting down embedded database: url='jdbc:h2:mem:testdb;DB_CLOSE_DELAY=-1;DB_CLOSE_ON_EXIT=false'
2026-04-13 16:23:12.698 [main] INFO  o.s.d.r.c.RepositoryConfigurationDelegate - Bootstrapping Spring Data JDBC repositories in DEFAULT mode.
2026-04-13 16:23:12.771 [main] INFO  o.s.d.r.c.RepositoryConfigurationDelegate - Finished Spring Data repository scanning in 63 ms. Found 1 JDBC repository interface.
2026-04-13 16:23:13.006 [main] INFO  c.e.j.c.DatabaseConfiguration - Configuring H2 embedded database
2026-04-13 16:23:13.018 [main] INFO  o.s.j.d.e.EmbeddedDatabaseFactory - Starting embedded database: url='jdbc:h2:mem:testdb;DB_CLOSE_DELAY=-1;DB_CLOSE_ON_EXIT=false', username='sa'
2026-04-13 16:23:13.255 [main] INFO  c.e.j.c.DatabaseConfiguration - H2 database configured successfully
2026-04-13 16:23:13.583 [main] INFO  c.e.j.r.impl.DBBeverageRepository - DBBeverageRepository initialized with Spring Data JDBC
2026-04-13 16:23:13.798 [main] INFO  c.e.j.r.impl.JSONBeverageRepository - Successfully loaded 4 beverages from JSON file
2026-04-13 16:23:13.831 [main] INFO  c.e.j.c.DatabaseConfiguration - Creating JdbcTemplate bean
2026-04-13 16:23:13.857 [main] INFO  c.ehu.javacafe.service.CoffeeService - Service: Fetching all beverages
2026-04-13 16:23:13.857 [main] INFO  c.e.j.r.impl.JSONBeverageRepository - Fetching all beverages from JSON repository
2026-04-13 16:23:13.857 [main] DEBUG c.e.j.r.impl.JSONBeverageRepository - Total beverages available: 4
2026-04-13 16:23:13.857 [main] DEBUG c.ehu.javacafe.service.CoffeeService - Service: Retrieved 4 beverages
2026-04-13 16:23:13.857 [main] DEBUG c.e.j.r.impl.JSONBeverageRepository - Fetching beverage by ID: 3
2026-04-13 16:23:13.860 [main] INFO  c.e.j.s.BeverageSelectionStatsService - Beverage selection stats: {3=1}
2026-04-13 16:23:16.868 [main] INFO  c.e.j.s.DailyBeverageDiscountService - DailyBeverageDiscountService initialized
2026-04-13 16:23:16.871 [main] INFO  o.s.j.d.e.EmbeddedDatabaseFactory - Shutting down embedded database: url='jdbc:h2:mem:testdb;DB_CLOSE_DELAY=-1;DB_CLOSE_ON_EXIT=false'
2026-04-13 16:24:33.296 [main] INFO  o.s.d.r.c.RepositoryConfigurationDelegate - Bootstrapping Spring Data JDBC repositories in DEFAULT mode.
2026-04-13 16:24:33.361 [main] INFO  o.s.d.r.c.RepositoryConfigurationDelegate - Finished Spring Data repository scanning in 55 ms. Found 1 JDBC repository interface.
2026-04-13 16:24:33.568 [main] INFO  c.e.j.c.DatabaseConfiguration - Configuring H2 embedded database
2026-04-13 16:24:33.575 [main] INFO  o.s.j.d.e.EmbeddedDatabaseFactory - Starting embedded database: url='jdbc:h2:mem:testdb;DB_CLOSE_DELAY=-1;DB_CLOSE_ON_EXIT=false', username='sa'
2026-04-13 16:24:33.777 [main] INFO  c.e.j.c.DatabaseConfiguration - H2 database configured successfully
2026-04-13 16:24:34.098 [main] INFO  c.e.j.r.impl.DBBeverageRepository - DBBeverageRepository initialized with Spring Data JDBC
2026-04-13 16:24:34.307 [main] INFO  c.e.j.r.impl.JSONBeverageRepository - Successfully loaded 4 beverages from JSON file
2026-04-13 16:24:34.334 [main] INFO  c.e.j.c.DatabaseConfiguration - Creating JdbcTemplate bean
2026-04-13 16:24:34.359 [main] INFO  o.s.j.d.e.EmbeddedDatabaseFactory - Shutting down embedded database: url='jdbc:h2:mem:testdb;DB_CLOSE_DELAY=-1;DB_CLOSE_ON_EXIT=false'
2026-04-13 16:32:33.298 [main] INFO  o.s.d.r.c.RepositoryConfigurationDelegate - Bootstrapping Spring Data JDBC repositories in DEFAULT mode.
2026-04-13 16:32:33.368 [main] INFO  o.s.d.r.c.RepositoryConfigurationDelegate - Finished Spring Data repository scanning in 60 ms. Found 1 JDBC repository interface.
2026-04-13 16:32:33.591 [main] INFO  c.e.j.c.DatabaseConfiguration - Configuring H2 embedded database
2026-04-13 16:32:33.598 [main] INFO  o.s.j.d.e.EmbeddedDatabaseFactory - Starting embedded database: url='jdbc:h2:mem:testdb;DB_CLOSE_DELAY=-1;DB_CLOSE_ON_EXIT=false', username='sa'
2026-04-13 16:32:33.813 [main] INFO  c.e.j.c.DatabaseConfiguration - H2 database configured successfully
2026-04-13 16:32:34.131 [main] INFO  c.e.j.r.impl.DBBeverageRepository - DBBeverageRepository initialized with Spring Data JDBC
2026-04-13 16:32:34.327 [main] INFO  c.e.j.r.impl.JSONBeverageRepository - Successfully loaded 4 beverages from JSON file
2026-04-13 16:32:34.349 [main] INFO  c.e.j.c.DatabaseConfiguration - Creating JdbcTemplate bean
2026-04-13 16:32:34.376 [main] INFO  c.ehu.javacafe.service.CoffeeService - Service: Fetching all beverages
2026-04-13 16:32:34.376 [main] INFO  c.e.j.r.impl.JSONBeverageRepository - Fetching all beverages from JSON repository
2026-04-13 16:32:34.376 [main] DEBUG c.e.j.r.impl.JSONBeverageRepository - Total beverages available: 4
2026-04-13 16:32:34.376 [main] DEBUG c.ehu.javacafe.service.CoffeeService - Service: Retrieved 4 beverages
2026-04-13 16:32:34.378 [main] DEBUG c.e.j.r.impl.JSONBeverageRepository - Fetching beverage by ID: 1
2026-04-13 16:32:34.379 [main] DEBUG c.e.j.r.impl.JSONBeverageRepository - Fetching beverage by ID: 1
2026-04-13 16:32:34.379 [main] INFO  c.e.j.s.BeverageSelectionStatsService - Beverage selection stats: {1=2}
2026-04-13 16:32:37.383 [main] INFO  c.e.j.s.DailyBeverageDiscountService - DailyBeverageDiscountService initialized
2026-04-13 16:32:37.387 [main] INFO  o.s.j.d.e.EmbeddedDatabaseFactory - Shutting down embedded database: url='jdbc:h2:mem:testdb;DB_CLOSE_DELAY=-1;DB_CLOSE_ON_EXIT=false'
2026-04-13 16:48:18.015 [main] INFO  c.e.j.r.impl.JSONBeverageRepository - Successfully loaded 4 beverages from JSON file
2026-04-13 16:48:18.024 [main] INFO  c.e.j.r.impl.JSONBeverageRepository - Fetching all beverages from JSON repository
2026-04-13 16:48:18.024 [main] DEBUG c.e.j.r.impl.JSONBeverageRepository - Total beverages available: 4
2026-04-13 16:48:18.027 [main] INFO  c.e.j.r.impl.JSONBeverageRepository - Fetching all beverages from JSON repository
2026-04-13 16:48:18.028 [main] DEBUG c.e.j.r.impl.JSONBeverageRepository - Total beverages available: 4
2026-04-13 16:48:18.028 [main] INFO  c.e.j.r.impl.JSONBeverageRepository - Fetching all beverages from JSON repository
2026-04-13 16:48:18.028 [main] DEBUG c.e.j.r.impl.JSONBeverageRepository - Total beverages available: 4
2026-04-13 16:48:18.386 [main] INFO  o.s.d.r.c.RepositoryConfigurationDelegate - Bootstrapping Spring Data JDBC repositories in DEFAULT mode.
2026-04-13 16:48:18.441 [main] INFO  o.s.d.r.c.RepositoryConfigurationDelegate - Finished Spring Data repository scanning in 52 ms. Found 1 JDBC repository interface.
2026-04-13 16:48:18.691 [main] INFO  c.e.j.c.DatabaseConfiguration - Configuring H2 embedded database
2026-04-13 16:48:18.707 [main] INFO  o.s.j.d.e.EmbeddedDatabaseFactory - Starting embedded database: url='jdbc:h2:mem:testdb;DB_CLOSE_DELAY=-1;DB_CLOSE_ON_EXIT=false', username='sa'
2026-04-13 16:48:18.973 [main] INFO  c.e.j.c.DatabaseConfiguration - H2 database configured successfully
2026-04-13 16:48:19.267 [main] INFO  c.e.j.r.impl.DBBeverageRepository - DBBeverageRepository initialized with Spring Data JDBC
2026-04-13 16:48:19.272 [main] INFO  c.e.j.r.impl.JSONBeverageRepository - Successfully loaded 4 beverages from JSON file
2026-04-13 16:48:19.293 [main] INFO  c.e.j.c.DatabaseConfiguration - Creating JdbcTemplate bean
2026-04-13 16:48:19.331 [main] INFO  o.s.j.d.e.EmbeddedDatabaseFactory - Shutting down embedded database: url='jdbc:h2:mem:testdb;DB_CLOSE_DELAY=-1;DB_CLOSE_ON_EXIT=false'
2026-04-13 16:49:22.832 [main] INFO  o.s.d.r.c.RepositoryConfigurationDelegate - Bootstrapping Spring Data JDBC repositories in DEFAULT mode.
2026-04-13 16:49:22.902 [main] INFO  o.s.d.r.c.RepositoryConfigurationDelegate - Finished Spring Data repository scanning in 62 ms. Found 1 JDBC repository interface.
2026-04-13 16:49:23.153 [main] INFO  c.e.j.c.DatabaseConfiguration - Configuring H2 embedded database
2026-04-13 16:49:23.163 [main] INFO  o.s.j.d.e.EmbeddedDatabaseFactory - Starting embedded database: url='jdbc:h2:mem:testdb;DB_CLOSE_DELAY=-1;DB_CLOSE_ON_EXIT=false', username='sa'
2026-04-13 16:49:23.411 [main] INFO  c.e.j.c.DatabaseConfiguration - H2 database configured successfully
2026-04-13 16:49:23.697 [main] INFO  c.e.j.r.impl.DBBeverageRepository - DBBeverageRepository initialized with Spring Data JDBC
2026-04-13 16:49:23.885 [main] INFO  c.e.j.r.impl.JSONBeverageRepository - Successfully loaded 4 beverages from JSON file
2026-04-13 16:49:23.909 [main] INFO  c.e.j.c.DatabaseConfiguration - Creating JdbcTemplate bean
2026-04-13 16:49:23.942 [main] INFO  c.ehu.javacafe.service.CoffeeService - Service: Fetching all beverages
2026-04-13 16:49:23.942 [main] INFO  c.e.j.r.impl.JSONBeverageRepository - Fetching all beverages from JSON repository
2026-04-13 16:49:23.942 [main] DEBUG c.e.j.r.impl.JSONBeverageRepository - Total beverages available: 4
2026-04-13 16:49:23.942 [main] DEBUG c.ehu.javacafe.service.CoffeeService - Service: Retrieved 4 beverages
2026-04-13 16:49:23.943 [main] DEBUG c.e.j.r.impl.JSONBeverageRepository - Fetching beverage by ID: 3
2026-04-13 16:49:23.945 [main] DEBUG c.e.j.r.impl.JSONBeverageRepository - Fetching beverage by ID: 2
2026-04-13 16:49:23.946 [main] DEBUG c.e.j.r.impl.JSONBeverageRepository - Fetching beverage by ID: 2
2026-04-13 16:49:23.946 [main] DEBUG c.e.j.r.impl.JSONBeverageRepository - Fetching beverage by ID: 1
2026-04-13 16:49:23.948 [main] INFO  c.e.j.s.BeverageSelectionStatsService - Beverage selection stats: {1=1, 2=2, 3=1}
2026-04-13 16:49:26.961 [main] INFO  c.e.j.s.DailyBeverageDiscountService - DailyBeverageDiscountService initialized
2026-04-13 16:49:26.963 [main] INFO  c.e.j.s.DailyBeverageDiscountService - DailyBeverageDiscountService @PostConstruct called
2026-04-13 16:49:26.964 [main] INFO  c.e.j.s.DailyBeverageDiscountService - DailyBeverageDiscountService @PreDestroy called
2026-04-13 16:49:26.966 [main] INFO  o.s.j.d.e.EmbeddedDatabaseFactory - Shutting down embedded database: url='jdbc:h2:mem:testdb;DB_CLOSE_DELAY=-1;DB_CLOSE_ON_EXIT=false'
