2026-03-20 15:04:47.290 [com.ehu.javacafe.MainAnnotation.main()] INFO  o.s.d.r.c.RepositoryConfigurationDelegate - Bootstrapping Spring Data JDBC repositories in DEFAULT mode.
2026-03-20 15:04:47.320 [com.ehu.javacafe.MainAnnotation.main()] INFO  o.s.d.r.c.RepositoryConfigurationDelegate - Finished Spring Data repository scanning in 26 ms. Found 1 JDBC repository interface.
2026-03-20 15:04:47.420 [com.ehu.javacafe.MainAnnotation.main()] WARN  o.s.c.a.AnnotationConfigApplicationContext - Exception encountered during context initialization - cancelling refresh attempt: org.springframework.beans.factory.UnsatisfiedDependencyException: Error creating bean with name 'DBBeverageRepository' defined in file [C:\dev\teaching\teaching\course-java\semeser5\lessons\lesson1\task\target\classes\com\ehu\javacafe\repository\impl\DBBeverageRepository.class]: Unsatisfied dependency expressed through constructor parameter 0: Error creating bean with name 'beverageCrudRepository' defined in com.ehu.javacafe.repository.BeverageCrudRepository defined in @EnableJdbcRepositories declared on DatabaseConfiguration: Cannot resolve reference to bean 'org.springframework.data.jdbc.core.mapping.JdbcMappingContext' while setting bean property 'mappingContext'
2026-03-20 15:07:57.052 [com.ehu.javacafe.MainAnnotation.main()] INFO  o.s.d.r.c.RepositoryConfigurationDelegate - Bootstrapping Spring Data JDBC repositories in DEFAULT mode.
2026-03-20 15:07:57.086 [com.ehu.javacafe.MainAnnotation.main()] INFO  o.s.d.r.c.RepositoryConfigurationDelegate - Finished Spring Data repository scanning in 28 ms. Found 1 JDBC repository interface.
2026-03-20 15:07:57.208 [com.ehu.javacafe.MainAnnotation.main()] WARN  o.s.c.a.AnnotationConfigApplicationContext - Exception encountered during context initialization - cancelling refresh attempt: org.springframework.beans.factory.UnsatisfiedDependencyException: Error creating bean with name 'DBBeverageRepository' defined in file [C:\dev\teaching\teaching\course-java\semeser5\lessons\lesson1\task\target\classes\com\ehu\javacafe\repository\impl\DBBeverageRepository.class]: Unsatisfied dependency expressed through constructor parameter 0: Error creating bean with name 'beverageCrudRepository' defined in com.ehu.javacafe.repository.BeverageCrudRepository defined in @EnableJdbcRepositories declared on DatabaseConfiguration: Cannot resolve reference to bean 'org.springframework.data.jdbc.core.mapping.JdbcMappingContext' while setting bean property 'mappingContext'
2026-03-20 15:08:38.886 [com.ehu.javacafe.MainAnnotation.main()] INFO  o.s.d.r.c.RepositoryConfigurationDelegate - Bootstrapping Spring Data JDBC repositories in DEFAULT mode.
2026-03-20 15:08:38.920 [com.ehu.javacafe.MainAnnotation.main()] INFO  o.s.d.r.c.RepositoryConfigurationDelegate - Finished Spring Data repository scanning in 30 ms. Found 1 JDBC repository interface.
2026-03-20 15:08:39.075 [com.ehu.javacafe.MainAnnotation.main()] INFO  c.e.j.c.DatabaseConfiguration - Configuring H2 embedded database
2026-03-20 15:08:39.091 [com.ehu.javacafe.MainAnnotation.main()] INFO  o.s.j.d.e.EmbeddedDatabaseFactory - Starting embedded database: url='jdbc:h2:mem:testdb;DB_CLOSE_DELAY=-1;DB_CLOSE_ON_EXIT=false', username='sa'
2026-03-20 15:08:39.337 [com.ehu.javacafe.MainAnnotation.main()] INFO  o.s.j.d.e.EmbeddedDatabaseFactory - Shutting down embedded database: url='jdbc:h2:mem:testdb;DB_CLOSE_DELAY=-1;DB_CLOSE_ON_EXIT=false'
2026-03-20 15:08:39.339 [com.ehu.javacafe.MainAnnotation.main()] WARN  o.s.c.a.AnnotationConfigApplicationContext - Exception encountered during context initialization - cancelling refresh attempt: org.springframework.beans.factory.UnsatisfiedDependencyException: Error creating bean with name 'DBBeverageRepository' defined in file [C:\dev\teaching\teaching\course-java\semeser5\lessons\lesson1\task\target\classes\com\ehu\javacafe\repository\impl\DBBeverageRepository.class]: Unsatisfied dependency expressed through constructor parameter 0: Error creating bean with name 'beverageCrudRepository' defined in com.ehu.javacafe.repository.BeverageCrudRepository defined in @EnableJdbcRepositories declared on DatabaseConfiguration: Cannot resolve reference to bean 'org.springframework.data.jdbc.core.mapping.JdbcMappingContext' while setting bean property 'mappingContext'
2026-03-20 15:09:27.270 [com.ehu.javacafe.MainAnnotation.main()] INFO  o.s.d.r.c.RepositoryConfigurationDelegate - Bootstrapping Spring Data JDBC repositories in DEFAULT mode.
2026-03-20 15:09:27.306 [com.ehu.javacafe.MainAnnotation.main()] INFO  o.s.d.r.c.RepositoryConfigurationDelegate - Finished Spring Data repository scanning in 31 ms. Found 1 JDBC repository interface.
2026-03-20 15:09:27.412 [com.ehu.javacafe.MainAnnotation.main()] INFO  c.e.j.c.DatabaseConfiguration - Configuring H2 embedded database
2026-03-20 15:09:27.420 [com.ehu.javacafe.MainAnnotation.main()] INFO  o.s.j.d.e.EmbeddedDatabaseFactory - Starting embedded database: url='jdbc:h2:mem:testdb;DB_CLOSE_DELAY=-1;DB_CLOSE_ON_EXIT=false', username='sa'
2026-03-20 15:09:27.574 [com.ehu.javacafe.MainAnnotation.main()] INFO  c.e.j.c.DatabaseConfiguration - H2 database configured successfully
2026-03-20 15:09:27.822 [com.ehu.javacafe.MainAnnotation.main()] INFO  c.e.j.r.impl.DBBeverageRepository - DBBeverageRepository initialized with Spring Data JDBC
2026-03-20 15:09:27.823 [com.ehu.javacafe.MainAnnotation.main()] INFO  c.e.j.c.DatabaseConfiguration - Creating JdbcTemplate bean
2026-03-20 15:09:27.834 [com.ehu.javacafe.MainAnnotation.main()] INFO  c.ehu.javacafe.service.CoffeeService - Service: Fetching all beverages
2026-03-20 15:09:27.835 [com.ehu.javacafe.MainAnnotation.main()] INFO  c.e.j.r.impl.DBBeverageRepository - Fetching all beverages from H2 database
2026-03-20 15:09:54.158 [com.ehu.javacafe.MainAnnotation.main()] INFO  o.s.d.r.c.RepositoryConfigurationDelegate - Bootstrapping Spring Data JDBC repositories in DEFAULT mode.
2026-03-20 15:09:54.198 [com.ehu.javacafe.MainAnnotation.main()] INFO  o.s.d.r.c.RepositoryConfigurationDelegate - Finished Spring Data repository scanning in 34 ms. Found 1 JDBC repository interface.
2026-03-20 15:09:54.335 [com.ehu.javacafe.MainAnnotation.main()] INFO  c.e.j.c.DatabaseConfiguration - Configuring H2 embedded database
2026-03-20 15:09:54.345 [com.ehu.javacafe.MainAnnotation.main()] INFO  o.s.j.d.e.EmbeddedDatabaseFactory - Starting embedded database: url='jdbc:h2:mem:testdb;DB_CLOSE_DELAY=-1;DB_CLOSE_ON_EXIT=false', username='sa'
2026-03-20 15:09:54.489 [com.ehu.javacafe.MainAnnotation.main()] INFO  c.e.j.c.DatabaseConfiguration - H2 database configured successfully
2026-03-20 15:09:54.716 [com.ehu.javacafe.MainAnnotation.main()] INFO  c.e.j.r.impl.DBBeverageRepository - DBBeverageRepository initialized with Spring Data JDBC
2026-03-20 15:09:54.718 [com.ehu.javacafe.MainAnnotation.main()] INFO  c.e.j.c.DatabaseConfiguration - Creating JdbcTemplate bean
2026-03-20 15:09:54.736 [com.ehu.javacafe.MainAnnotation.main()] INFO  c.ehu.javacafe.service.CoffeeService - Service: Fetching all beverages
2026-03-20 15:09:54.736 [com.ehu.javacafe.MainAnnotation.main()] INFO  c.e.j.r.impl.DBBeverageRepository - Fetching all beverages from H2 database
2026-03-20 15:12:35.767 [com.ehu.javacafe.MainAnnotation.main()] INFO  o.s.d.r.c.RepositoryConfigurationDelegate - Bootstrapping Spring Data JDBC repositories in DEFAULT mode.
2026-03-20 15:12:35.804 [com.ehu.javacafe.MainAnnotation.main()] INFO  o.s.d.r.c.RepositoryConfigurationDelegate - Finished Spring Data repository scanning in 33 ms. Found 1 JDBC repository interface.
2026-03-20 15:12:35.913 [com.ehu.javacafe.MainAnnotation.main()] INFO  c.e.j.c.DatabaseConfiguration - Configuring H2 embedded database
2026-03-20 15:12:35.917 [com.ehu.javacafe.MainAnnotation.main()] INFO  o.s.j.d.e.EmbeddedDatabaseFactory - Starting embedded database: url='jdbc:h2:mem:testdb;DB_CLOSE_DELAY=-1;DB_CLOSE_ON_EXIT=false', username='sa'
2026-03-20 15:12:36.038 [com.ehu.javacafe.MainAnnotation.main()] INFO  c.e.j.c.DatabaseConfiguration - H2 database configured successfully
2026-03-20 15:12:36.173 [com.ehu.javacafe.MainAnnotation.main()] INFO  c.e.j.r.impl.DBBeverageRepository - DBBeverageRepository initialized with Spring Data JDBC
2026-03-20 15:12:36.174 [com.ehu.javacafe.MainAnnotation.main()] INFO  c.e.j.c.DatabaseConfiguration - Creating JdbcTemplate bean
2026-03-20 15:12:36.188 [com.ehu.javacafe.MainAnnotation.main()] INFO  c.ehu.javacafe.service.CoffeeService - Service: Fetching all beverages
2026-03-20 15:12:36.188 [com.ehu.javacafe.MainAnnotation.main()] INFO  c.e.j.r.impl.DBBeverageRepository - Fetching all beverages from H2 database
2026-03-20 15:12:36.271 [com.ehu.javacafe.MainAnnotation.main()] DEBUG c.e.j.r.impl.DBBeverageRepository - Retrieved 11 beverages from database
2026-03-20 15:12:36.271 [com.ehu.javacafe.MainAnnotation.main()] DEBUG c.ehu.javacafe.service.CoffeeService - Service: Retrieved 11 beverages
